<?xml version="1.0" encoding="UTF-8"?>
<!-- Generated by org.testng.reporters.JUnitXMLReporter -->
<testsuite ignored="4" hostname="DESKTOP-USMNHNH" failures="1" tests="5" name="Test" time="19.957" errors="0" timestamp="2025-06-19T13:29:40 IST">
  <testcase classname="TestCases.LoginLogout" name="TC_01_LoginLogout" time="0.036"/>
  <testcase classname="TestCases.AddProductToCart" name="TC_02_AddProductToCart" time="1.525"/>
  <testcase classname="TestCases.AddProductToCart" name="regression" time="0.003"/>
  <testcase classname="TestCases.AddProductToCart" name="sample" time="0.002">
    <failure type="java.lang.AssertionError" message="null">
      <![CDATA[java.lang.AssertionError: null
at TestCases.AddProductToCart.sample(AddProductToCart.java:63)
at java.base/java.util.ArrayList.forEach(ArrayList.java:1511)
... Removed 29 stack frames]]>
    </failure>
  </testcase> <!-- sample -->
  <testcase classname="TestCases.AddLowestPriceProductToCart" name="TC_03_AddLowestPriceProductToCart" time="0.706"/>
  <testcase classname="genericUtilities.BaseClass" name="@AfterSuite asConfig" time="0.0">
    <ignored/>
  </testcase> <!-- @AfterSuite asConfig -->
  <testcase classname="genericUtilities.BaseClass" name="@AfterSuite asConfig" time="0.0">
    <ignored/>
  </testcase> <!-- @AfterSuite asConfig -->
  <testcase classname="genericUtilities.BaseClass" name="@BeforeSuite bsConfig" time="0.0">
    <ignored/>
  </testcase> <!-- @BeforeSuite bsConfig -->
  <testcase classname="genericUtilities.BaseClass" name="@BeforeSuite bsConfig" time="0.0">
    <ignored/>
  </testcase> <!-- @BeforeSuite bsConfig -->
</testsuite> <!-- Test -->
