<?xml version="1.0" encoding="UTF-8"?>
<testng-results ignored="0" total="5" passed="4" failed="1" skipped="0">
  <reporter-output>
  </reporter-output>
  <suite started-at="2025-06-19T13:29:20 IST" name="Suite" finished-at="2025-06-19T13:29:40 IST" duration-ms="19957">
    <groups>
      <group name="RegressionSuite">
        <method signature="AddProductToCart.regression()[pri:0, instance:TestCases.AddProductToCart@1c1bbc4e]" name="regression" class="TestCases.AddProductToCart"/>
      </group> <!-- RegressionSuite -->
      <group name="SmokeSuite">
        <method signature="AddProductToCart.TC_02_AddProductToCart()[pri:0, instance:TestCases.AddProductToCart@1c1bbc4e]" name="TC_02_AddProductToCart" class="TestCases.AddProductToCart"/>
      </group> <!-- SmokeSuite -->
    </groups>
    <test started-at="2025-06-19T13:29:20 IST" name="Test" finished-at="2025-06-19T13:29:40 IST" duration-ms="19957">
      <class name="TestCases.AddLowestPriceProductToCart">
        <test-method is-config="true" signature="bcConfig()[pri:0, instance:TestCases.AddLowestPriceProductToCart@55fe41ea]" started-at="2025-06-19T13:29:35 IST" name="bcConfig" finished-at="2025-06-19T13:29:37 IST" duration-ms="2394" status="PASS">
          <reporter-output>
          </reporter-output>
        </test-method> <!-- bcConfig -->
        <test-method is-config="true" signature="bmConfig()[pri:0, instance:TestCases.AddLowestPriceProductToCart@55fe41ea]" started-at="2025-06-19T13:29:37 IST" name="bmConfig" finished-at="2025-06-19T13:29:38 IST" duration-ms="403" status="PASS">
          <reporter-output>
          </reporter-output>
        </test-method> <!-- bmConfig -->
        <test-method signature="TC_03_AddLowestPriceProductToCart()[pri:0, instance:TestCases.AddLowestPriceProductToCart@55fe41ea]" started-at="2025-06-19T13:29:38 IST" name="TC_03_AddLowestPriceProductToCart" finished-at="2025-06-19T13:29:39 IST" duration-ms="706" status="PASS">
          <reporter-output>
          </reporter-output>
        </test-method> <!-- TC_03_AddLowestPriceProductToCart -->
        <test-method is-config="true" signature="amConfig()[pri:0, instance:TestCases.AddLowestPriceProductToCart@55fe41ea]" started-at="2025-06-19T13:29:39 IST" name="amConfig" finished-at="2025-06-19T13:29:39 IST" duration-ms="239" status="PASS">
          <reporter-output>
          </reporter-output>
        </test-method> <!-- amConfig -->
        <test-method is-config="true" signature="acConfig()[pri:0, instance:TestCases.AddLowestPriceProductToCart@55fe41ea]" started-at="2025-06-19T13:29:39 IST" name="acConfig" finished-at="2025-06-19T13:29:40 IST" duration-ms="1445" status="PASS">
          <reporter-output>
          </reporter-output>
        </test-method> <!-- acConfig -->
      </class> <!-- TestCases.AddLowestPriceProductToCart -->
      <class name="TestCases.AddProductToCart">
        <test-method is-config="true" signature="bcConfig()[pri:0, instance:TestCases.AddProductToCart@1c1bbc4e]" started-at="2025-06-19T13:29:28 IST" name="bcConfig" finished-at="2025-06-19T13:29:30 IST" duration-ms="2640" status="PASS">
          <reporter-output>
          </reporter-output>
        </test-method> <!-- bcConfig -->
        <test-method is-config="true" signature="bmConfig()[pri:0, instance:TestCases.AddProductToCart@1c1bbc4e]" started-at="2025-06-19T13:29:30 IST" name="bmConfig" finished-at="2025-06-19T13:29:31 IST" duration-ms="375" status="PASS">
          <reporter-output>
          </reporter-output>
        </test-method> <!-- bmConfig -->
        <test-method signature="TC_02_AddProductToCart()[pri:0, instance:TestCases.AddProductToCart@1c1bbc4e]" started-at="2025-06-19T13:29:31 IST" name="TC_02_AddProductToCart" finished-at="2025-06-19T13:29:32 IST" duration-ms="1525" status="PASS">
          <reporter-output>
          </reporter-output>
        </test-method> <!-- TC_02_AddProductToCart -->
        <test-method is-config="true" signature="amConfig()[pri:0, instance:TestCases.AddProductToCart@1c1bbc4e]" started-at="2025-06-19T13:29:32 IST" name="amConfig" finished-at="2025-06-19T13:29:32 IST" duration-ms="269" status="PASS">
          <reporter-output>
          </reporter-output>
        </test-method> <!-- amConfig -->
        <test-method is-config="true" signature="bmConfig()[pri:0, instance:TestCases.AddProductToCart@1c1bbc4e]" started-at="2025-06-19T13:29:32 IST" name="bmConfig" finished-at="2025-06-19T13:29:33 IST" duration-ms="244" status="PASS">
          <reporter-output>
          </reporter-output>
        </test-method> <!-- bmConfig -->
        <test-method signature="regression()[pri:0, instance:TestCases.AddProductToCart@1c1bbc4e]" started-at="2025-06-19T13:29:33 IST" name="regression" finished-at="2025-06-19T13:29:33 IST" duration-ms="3" status="PASS">
          <reporter-output>
          </reporter-output>
        </test-method> <!-- regression -->
        <test-method is-config="true" signature="amConfig()[pri:0, instance:TestCases.AddProductToCart@1c1bbc4e]" started-at="2025-06-19T13:29:33 IST" name="amConfig" finished-at="2025-06-19T13:29:33 IST" duration-ms="260" status="PASS">
          <reporter-output>
          </reporter-output>
        </test-method> <!-- amConfig -->
        <test-method is-config="true" signature="bmConfig()[pri:0, instance:TestCases.AddProductToCart@1c1bbc4e]" started-at="2025-06-19T13:29:33 IST" name="bmConfig" finished-at="2025-06-19T13:29:33 IST" duration-ms="283" status="PASS">
          <reporter-output>
          </reporter-output>
        </test-method> <!-- bmConfig -->
        <test-method signature="sample()[pri:0, instance:TestCases.AddProductToCart@1c1bbc4e]" started-at="2025-06-19T13:29:33 IST" name="sample" finished-at="2025-06-19T13:29:33 IST" duration-ms="2" status="FAIL">
          <exception class="java.lang.AssertionError">
            <message>
              <![CDATA[null]]>
            </message>
            <full-stacktrace>
              <![CDATA[java.lang.AssertionError: null
at org.testng.Assert.fail(Assert.java:111)
at org.testng.Assert.fail(Assert.java:116)
at TestCases.AddProductToCart.sample(AddProductToCart.java:63)
at java.base/jdk.internal.reflect.NativeMethodAccessorImpl.invoke0(Native Method)
at java.base/jdk.internal.reflect.NativeMethodAccessorImpl.invoke(NativeMethodAccessorImpl.java:77)
at java.base/jdk.internal.reflect.DelegatingMethodAccessorImpl.invoke(DelegatingMethodAccessorImpl.java:43)
at java.base/java.lang.reflect.Method.invoke(Method.java:568)
at org.testng.internal.invokers.MethodInvocationHelper.invokeMethod(MethodInvocationHelper.java:141)
at org.testng.internal.invokers.TestInvoker.invokeMethod(TestInvoker.java:687)
at org.testng.internal.invokers.TestInvoker.invokeTestMethod(TestInvoker.java:230)
at org.testng.internal.invokers.MethodRunner.runInSequence(MethodRunner.java:63)
at org.testng.internal.invokers.TestInvoker$MethodInvocationAgent.invoke(TestInvoker.java:995)
at org.testng.internal.invokers.TestInvoker.invokeTestMethods(TestInvoker.java:203)
at org.testng.internal.invokers.TestMethodWorker.invokeTestMethods(TestMethodWorker.java:154)
at org.testng.internal.invokers.TestMethodWorker.run(TestMethodWorker.java:134)
at java.base/java.util.ArrayList.forEach(ArrayList.java:1511)
at org.testng.TestRunner.privateRun(TestRunner.java:741)
at org.testng.TestRunner.run(TestRunner.java:616)
at org.testng.SuiteRunner.runTest(SuiteRunner.java:421)
at org.testng.SuiteRunner.runSequentially(SuiteRunner.java:413)
at org.testng.SuiteRunner.privateRun(SuiteRunner.java:373)
at org.testng.SuiteRunner.run(SuiteRunner.java:312)
at org.testng.SuiteRunnerWorker.runSuite(SuiteRunnerWorker.java:52)
at org.testng.SuiteRunnerWorker.run(SuiteRunnerWorker.java:95)
at org.testng.TestNG.runSuitesSequentially(TestNG.java:1274)
at org.testng.TestNG.runSuitesLocally(TestNG.java:1208)
at org.testng.TestNG.runSuites(TestNG.java:1112)
at org.testng.TestNG.run(TestNG.java:1079)
at org.testng.remote.AbstractRemoteTestNG.run(AbstractRemoteTestNG.java:115)
at org.testng.remote.RemoteTestNG.initAndRun(RemoteTestNG.java:293)
at org.testng.remote.RemoteTestNG.main(RemoteTestNG.java:91)
]]>
            </full-stacktrace>
          </exception> <!-- java.lang.AssertionError -->
          <reporter-output>
          </reporter-output>
        </test-method> <!-- sample -->
        <test-method is-config="true" signature="amConfig()[pri:0, instance:TestCases.AddProductToCart@1c1bbc4e]" started-at="2025-06-19T13:29:33 IST" name="amConfig" finished-at="2025-06-19T13:29:34 IST" duration-ms="236" status="PASS">
          <reporter-output>
          </reporter-output>
        </test-method> <!-- amConfig -->
        <test-method is-config="true" signature="acConfig()[pri:0, instance:TestCases.AddProductToCart@1c1bbc4e]" started-at="2025-06-19T13:29:34 IST" name="acConfig" finished-at="2025-06-19T13:29:35 IST" duration-ms="1389" status="PASS">
          <reporter-output>
          </reporter-output>
        </test-method> <!-- acConfig -->
      </class> <!-- TestCases.AddProductToCart -->
      <class name="TestCases.LoginLogout">
        <test-method is-config="true" signature="bsConfig()[pri:0, instance:TestCases.LoginLogout@302552ec]" started-at="2025-06-19T13:29:20 IST" name="bsConfig" finished-at="2025-06-19T13:29:20 IST" duration-ms="20" status="PASS">
          <reporter-output>
          </reporter-output>
        </test-method> <!-- bsConfig -->
        <test-method is-config="true" signature="bcConfig()[pri:0, instance:TestCases.LoginLogout@302552ec]" started-at="2025-06-19T13:29:21 IST" name="bcConfig" finished-at="2025-06-19T13:29:25 IST" duration-ms="4228" status="PASS">
          <reporter-output>
          </reporter-output>
        </test-method> <!-- bcConfig -->
        <test-method is-config="true" signature="bmConfig()[pri:0, instance:TestCases.LoginLogout@302552ec]" started-at="2025-06-19T13:29:25 IST" name="bmConfig" finished-at="2025-06-19T13:29:26 IST" duration-ms="653" status="PASS">
          <reporter-output>
          </reporter-output>
        </test-method> <!-- bmConfig -->
        <test-method signature="TC_01_LoginLogout()[pri:0, instance:TestCases.LoginLogout@302552ec]" started-at="2025-06-19T13:29:26 IST" name="TC_01_LoginLogout" finished-at="2025-06-19T13:29:26 IST" duration-ms="36" status="PASS">
          <reporter-output>
          </reporter-output>
        </test-method> <!-- TC_01_LoginLogout -->
        <test-method is-config="true" signature="amConfig()[pri:0, instance:TestCases.LoginLogout@302552ec]" started-at="2025-06-19T13:29:26 IST" name="amConfig" finished-at="2025-06-19T13:29:26 IST" duration-ms="283" status="PASS">
          <reporter-output>
          </reporter-output>
        </test-method> <!-- amConfig -->
        <test-method is-config="true" signature="acConfig()[pri:0, instance:TestCases.LoginLogout@302552ec]" started-at="2025-06-19T13:29:26 IST" name="acConfig" finished-at="2025-06-19T13:29:28 IST" duration-ms="1601" status="PASS">
          <reporter-output>
          </reporter-output>
        </test-method> <!-- acConfig -->
        <test-method is-config="true" signature="asConfig()[pri:0, instance:TestCases.LoginLogout@302552ec]" started-at="2025-06-19T13:29:41 IST" name="asConfig" finished-at="2025-06-19T13:29:41 IST" duration-ms="1" status="PASS">
          <reporter-output>
          </reporter-output>
        </test-method> <!-- asConfig -->
      </class> <!-- TestCases.LoginLogout -->
    </test> <!-- Test -->
  </suite> <!-- Suite -->
</testng-results>
